#
# A fatal error has been detected by the Java Runtime Environment:
#
#  EXCEPTION_ACCESS_VIOLATION (0xc0000005) at pc=0x00000237aa50f059, pid=5060, tid=5240
#
# JRE version: OpenJDK Runtime Environment (11.0.10) (build 11.0.10+0-b96-7249189)
# Java VM: OpenJDK 64-Bit Server VM (11.0.10+0-b96-7249189, mixed mode, tiered, compressed oops, g1 gc, windows-amd64)
# Problematic frame:
# J 16710 c1 java.util.IdentityHashMap.closeDeletion(I)V java.base@11.0.10 (107 bytes) @ 0x00000237aa50f059 [0x00000237aa50ed40+0x0000000000000319]
#
# No core dump will be written. Minidumps are not enabled by default on client versions of Windows
#
# If you would like to submit a bug report, please visit:
#   https://bugreport.java.com/bugreport/crash.jsp
#

---------------  S U M M A R Y ------------

Command Line: --add-opens=java.base/java.util=ALL-UNNAMED --add-opens=java.base/java.lang=ALL-UNNAMED --add-opens=java.base/java.lang.invoke=ALL-UNNAMED --add-opens=java.base/java.util=ALL-UNNAMED --add-opens=java.prefs/java.util.prefs=ALL-UNNAMED --add-opens=java.prefs/java.util.prefs=ALL-UNNAMED --add-opens=java.base/java.nio.charset=ALL-UNNAMED --add-opens=java.base/java.net=ALL-UNNAMED --add-opens=java.base/java.util.concurrent.atomic=ALL-UNNAMED -Xmx2048m -Dfile.encoding=UTF-8 -Duser.country=RU -Duser.language=ru -Duser.variant org.gradle.launcher.daemon.bootstrap.GradleDaemon 7.0.2

Host: Intel(R) Core(TM) i5-2300 CPU @ 2.80GHz, 4 cores, 4G,  Windows 10 , 64 bit Build 19041 (10.0.19041.1706)
Time: Thu May 26 22:51:29 2022 RTZ 2 (зима) elapsed time: 1946.807938 seconds (0d 0h 32m 26s)

---------------  T H R E A D  ---------------

Current thread (0x00000237c8b5b000):  JavaThread "Daemon worker Thread 3" [_thread_in_Java, id=5240, stack(0x0000009212c00000,0x0000009212d00000)]

Stack: [0x0000009212c00000,0x0000009212d00000],  sp=0x0000009212cfbc60,  free space=1007k
Native frames: (J=compiled Java code, j=interpreted, Vv=VM code, C=native code)
C  0x00000237aa50f059


siginfo: EXCEPTION_ACCESS_VIOLATION (0xc0000005), writing address 0x0000000000000000


Register to memory mapping:

RIP=0x00000237aa50f059 is at entry_point+793 in (nmethod*)0x00000237aa50eb10
RAX=0x000000000060600d is an unknown value
RBX=0x0000000000000001 is an unknown value
RCX=0x0000000000017750 is an unknown value
RDX=0x0 is NULL
RSP=0x0000009212cfbc60 is pointing into the stack for thread: 0x00000237c8b5b000
RBP=0x0000009212cfbe18 is pointing into the stack for thread: 0x00000237c8b5b000
RSI=0x00000237d0100a60 is pointing into metadata
RDI=0x0000000000000200 is an unknown value
R8 =0x000000000000003e is an unknown value
R9 =0x000000000000000c is an unknown value
R10=0x0 is NULL
R11=0x0000000000000310 is an unknown value
R12=0x0 is NULL
R13=0x0000009212cfbdc0 is pointing into the stack for thread: 0x00000237c8b5b000
R14=0x000000010003c488 is pointing into metadata
R15=0x00000237c8b5b000 is a thread


Registers:
RAX=0x000000000060600d, RBX=0x0000000000000001, RCX=0x0000000000017750, RDX=0x0000000000000000
RSP=0x0000009212cfbc60, RBP=0x0000009212cfbe18, RSI=0x00000237d0100a60, RDI=0x0000000000000200
R8 =0x000000000000003e, R9 =0x000000000000000c, R10=0x0000000000000000, R11=0x0000000000000310
R12=0x0000000000000000, R13=0x0000009212cfbdc0, R14=0x000000010003c488, R15=0x00000237c8b5b000
RIP=0x00000237aa50f059, EFLAGS=0x0000000000010202

Top of Stack: (sp=0x0000009212cfbc60)
0x0000009212cfbc60:   000000000000087c 0000000081d23ef0
0x0000009212cfbc70:   0000009212cfbe40 00000237afabe528
0x0000009212cfbc80:   0000000000000030 0000000086595544
0x0000009212cfbc90:   0000009212cfbe18 00000237a84d7e94
0x0000009212cfbca0:   0000000000000000 000000008c4e7988
0x0000009212cfbcb0:   0000000000000040 000002370000003e
0x0000009212cfbcc0:   0000000086595730 0000000087e74f08
0x0000009212cfbcd0:   00000000865956f8 0000000087e3b250
0x0000009212cfbce0:   0000009212cfbe18 00000237aa510404
0x0000009212cfbcf0:   0000000087e3b250 00000237a8f1b954
0x0000009212cfbd00:   0000000087e41200 0000000087da4c70
0x0000009212cfbd10:   0000000087e41280 0000000087e36760
0x0000009212cfbd20:   0000000087e365a0 0000000086b96ff0
0x0000009212cfbd30:   0000009200000040 0000000086595730
0x0000009212cfbd40:   0000000087e3b250 00000000865956f8
0x0000009212cfbd50:   0000000080042830 000000008c4e7988 

Instructions: (pc=0x00000237aa50f059)
0x00000237aa50ef59:   00 00 48 bb a0 01 00 00 00 00 00 00 48 8b 04 1f
0x00000237aa50ef69:   48 8d 40 01 48 89 04 1f 0f 8f 0f 00 00 00 48 8b
0x00000237aa50ef79:   5c 24 68 44 8b 44 24 58 e9 d8 00 00 00 44 8b 44
0x00000237aa50ef89:   24 58 44 3b c2 48 bf 60 0a 10 d0 37 02 00 00 48
0x00000237aa50ef99:   bb d0 01 00 00 00 00 00 00 0f 8f 0a 00 00 00 48
0x00000237aa50efa9:   bb c0 01 00 00 00 00 00 00 48 8b 04 1f 48 8d 40
0x00000237aa50efb9:   01 48 89 04 1f 0f 8f 0a 00 00 00 48 8b 5c 24 68
0x00000237aa50efc9:   e9 90 00 00 00 41 3b f0 48 be 60 0a 10 d0 37 02
0x00000237aa50efd9:   00 00 48 bf f0 01 00 00 00 00 00 00 0f 8e 0a 00
0x00000237aa50efe9:   00 00 48 bf e0 01 00 00 00 00 00 00 48 8b 1c 3e
0x00000237aa50eff9:   48 8d 5b 01 48 89 1c 3e 0f 8e 0a 00 00 00 48 8b
0x00000237aa50f009:   74 24 60 e9 64 05 00 00 44 3b c2 48 be 60 0a 10
0x00000237aa50f019:   d0 37 02 00 00 48 bf 00 02 00 00 00 00 00 00 0f
0x00000237aa50f029:   8f 0a 00 00 00 48 bf 10 02 00 00 00 00 00 00 48
0x00000237aa50f039:   8b 1c 3e 48 8d 5b 01 48 89 1c 3e 0f 8f 0a 00 00
0x00000237aa50f049:   00 48 8b 5c 24 68 e9 0a 00 ff 00 05 01 60 60 00
0x00000237aa50f059:   00 4a 00 00 00 e6 0c 00 00 80 00 00 00 ff ff ff
0x00000237aa50f069:   ff ff ff 84 d8 1b 61 b5 29 84 d8 1b 61 b5 29 60
0x00000237aa50f079:   60 c2 e1 57 e9 01 00 00 00 64 00 11 04 00 0c 54
0x00000237aa50f089:   50 2d 4c 69 6e 6b 5f 42 35 32 39 01 08 82 84 8b
0x00000237aa50f099:   96 12 24 48 6c 03 01 02 32 04 0c 18 30 60 05 04
0x00000237aa50f0a9:   00 01 00 06 30 14 01 00 00 0f ac 04 01 00 00 0f
0x00000237aa50f0b9:   ac 04 01 00 00 0f ac 02 00 00 dd 31 00 50 f2 04
0x00000237aa50f0c9:   10 4a 00 01 10 10 44 00 01 02 10 47 00 10 38 83
0x00000237aa50f0d9:   30 92 30 92 18 83 9c 77 84 d8 1b 61 b5 c4 10 3c
0x00000237aa50f0e9:   00 01 01 10 49 00 06 00 37 2a 00 01 20 2a 01 04
0x00000237aa50f0f9:   2d 1a 6e 10 17 ff ff 00 00 01 00 00 00 00 00 00
0x00000237aa50f109:   00 00 00 00 00 00 00 00 00 00 00 00 3d 16 02 05
0x00000237aa50f119:   06 00 00 00 00 00 00 00 00 00 00 00 00 00 00 00
0x00000237aa50f129:   00 00 00 00 4a 0e 14 00 0a 00 2c 01 c8 00 14 00
0x00000237aa50f139:   05 00 19 00 dd 18 00 50 f2 02 01 01 00 00 03 a4
0x00000237aa50f149:   00 00 27 a4 00 00 42 43 5e 00 62 32 2f 00 0b 05 


Stack slot to memory mapping:
stack at sp + 0 slots: 0x000000000000087c is an unknown value
stack at sp + 1 slots: 0x0000000081d23ef0 is an oop: java.lang.Object 
{0x0000000081d23ef0} - klass: 'java/lang/Object'
stack at sp + 2 slots: 0x0000009212cfbe40 is pointing into the stack for thread: 0x00000237c8b5b000
stack at sp + 3 slots: 0x00000237afabe528 is at entry_point+72 in (nmethod*)0x00000237afabe310
stack at sp + 4 slots: 0x0000000000000030 is an unknown value
stack at sp + 5 slots: 0x0000000086595544 is pointing into object: [Ljava.lang.Object; 
{0x0000000086595470} - klass: 'java/lang/Object'[]
 - length: 64
stack at sp + 6 slots: 0x0000009212cfbe18 is pointing into the stack for thread: 0x00000237c8b5b000
stack at sp + 7 slots: 0x00000237a84d7e94 is at entry_point+724 in (nmethod*)0x00000237a84d7990



---------------  P R O C E S S  ---------------

Threads class SMR info:
_java_thread_list=0x00000237c2c01470, length=52, elements={
0x00000237a2908000, 0x00000237be40f800, 0x00000237be410800, 0x00000237be42f000,
0x00000237be431000, 0x00000237be432800, 0x00000237be479800, 0x00000237be47e000,
0x00000237be48b000, 0x00000237beee8000, 0x00000237c1501800, 0x00000237c12d6800,
0x00000237c1366800, 0x00000237c12cb800, 0x00000237c12cc000, 0x00000237c12ca800,
0x00000237c12c9800, 0x00000237c12c8000, 0x00000237c12c7000, 0x00000237c12ce000,
0x00000237c3165000, 0x00000237c3164000, 0x00000237c3165800, 0x00000237c316b800,
0x00000237c316a800, 0x00000237c3171000, 0x00000237c8b5c000, 0x00000237c8b63800,
0x00000237c8b65000, 0x00000237c8b60000, 0x00000237c8b5a800, 0x00000237c8b61000,
0x00000237c8b5b000, 0x00000237c8b61800, 0x00000237c8b5d800, 0x00000237c8b5c800,
0x00000237c8b64000, 0x00000237c8b5f000, 0x00000237c8b5e800, 0x00000237c8b65800,
0x00000237c8b66800, 0x00000237c8b68000, 0x00000237c8b67800, 0x00000237c8b69000,
0x00000237c3162800, 0x00000237c3168000, 0x00000237c3169000, 0x00000237c316d000,
0x00000237c316a000, 0x00000237c316c000, 0x00000237c3170800, 0x00000237c316f800
}

Java Threads: ( => current thread )
  0x00000237a2908000 JavaThread "main" [_thread_blocked, id=2872, stack(0x0000009211600000,0x0000009211700000)]
  0x00000237be40f800 JavaThread "Reference Handler" daemon [_thread_blocked, id=3292, stack(0x0000009211d00000,0x0000009211e00000)]
  0x00000237be410800 JavaThread "Finalizer" daemon [_thread_blocked, id=7132, stack(0x0000009211e00000,0x0000009211f00000)]
  0x00000237be42f000 JavaThread "Signal Dispatcher" daemon [_thread_blocked, id=6232, stack(0x0000009211f00000,0x0000009212000000)]
  0x00000237be431000 JavaThread "Attach Listener" daemon [_thread_blocked, id=1592, stack(0x0000009212000000,0x0000009212100000)]
  0x00000237be432800 JavaThread "Service Thread" daemon [_thread_blocked, id=6024, stack(0x0000009212100000,0x0000009212200000)]
  0x00000237be479800 JavaThread "C2 CompilerThread0" daemon [_thread_blocked, id=7876, stack(0x0000009212200000,0x0000009212300000)]
  0x00000237be47e000 JavaThread "C1 CompilerThread0" daemon [_thread_blocked, id=3852, stack(0x0000009212300000,0x0000009212400000)]
  0x00000237be48b000 JavaThread "Sweeper thread" daemon [_thread_blocked, id=3980, stack(0x0000009212400000,0x0000009212500000)]
  0x00000237beee8000 JavaThread "Common-Cleaner" daemon [_thread_blocked, id=9704, stack(0x0000009212500000,0x0000009212600000)]
  0x00000237c1501800 JavaThread "Daemon health stats" [_thread_blocked, id=9776, stack(0x0000009212900000,0x0000009212a00000)]
  0x00000237c12d6800 JavaThread "Incoming local TCP Connector on port 51452" [_thread_in_native, id=10768, stack(0x0000009212a00000,0x0000009212b00000)]
  0x00000237c1366800 JavaThread "Daemon periodic checks" [_thread_blocked, id=10512, stack(0x0000009212b00000,0x0000009212c00000)]
  0x00000237c12cb800 JavaThread "Cache worker for file hash cache (C:\Users\User4\.gradle\caches\7.0.2\fileHashes)" [_thread_blocked, id=2556, stack(0x0000009212700000,0x0000009212800000)]
  0x00000237c12cc000 JavaThread "File lock request listener" [_thread_in_native, id=9868, stack(0x0000009213500000,0x0000009213600000)]
  0x00000237c12ca800 JavaThread "Cache worker for journal cache (C:\Users\User4\.gradle\caches\journal-1)" [_thread_blocked, id=5376, stack(0x0000009213600000,0x0000009213700000)]
  0x00000237c12c9800 JavaThread "File watcher server" daemon [_thread_in_native, id=9204, stack(0x0000009213900000,0x0000009213a00000)]
  0x00000237c12c8000 JavaThread "File watcher consumer" daemon [_thread_blocked, id=5264, stack(0x0000009213a00000,0x0000009213b00000)]
  0x00000237c12c7000 JavaThread "jar transforms" [_thread_blocked, id=7560, stack(0x0000009213b00000,0x0000009213c00000)]
  0x00000237c12ce000 JavaThread "jar transforms Thread 2" [_thread_blocked, id=11024, stack(0x0000009213c00000,0x0000009213d00000)]
  0x00000237c3165000 JavaThread "jar transforms Thread 3" [_thread_blocked, id=6976, stack(0x0000009213d00000,0x0000009213e00000)]
  0x00000237c3164000 JavaThread "jar transforms Thread 4" [_thread_blocked, id=4252, stack(0x0000009213e00000,0x0000009213f00000)]
  0x00000237c3165800 JavaThread "Cache worker for execution history cache (C:\Users\User4\.gradle\caches\7.0.2\executionHistory)" [_thread_blocked, id=3996, stack(0x0000009214200000,0x0000009214300000)]
  0x00000237c316b800 JavaThread "Cache worker for file content cache (C:\Users\User4\.gradle\caches\7.0.2\fileContent)" [_thread_blocked, id=8732, stack(0x0000009214300000,0x0000009214400000)]
  0x00000237c316a800 JavaThread "Memory manager" [_thread_blocked, id=4852, stack(0x0000009214a00000,0x0000009214b00000)]
  0x00000237c3171000 JavaThread "pool-3-thread-1" [_thread_blocked, id=9852, stack(0x0000009214b00000,0x0000009214c00000)]
  0x00000237c8b5c000 JavaThread "pool-6-thread-1" [_thread_blocked, id=8544, stack(0x0000009214c00000,0x0000009214d00000)]
  0x00000237c8b63800 JavaThread "Cache worker for Java compile cache (C:\Users\User4\.gradle\caches\7.0.2\javaCompile)" [_thread_blocked, id=9532, stack(0x0000009215200000,0x0000009215300000)]
  0x00000237c8b65000 JavaThread "ForkJoinPool.commonPool-worker-7" daemon [_thread_blocked, id=5500, stack(0x0000009215a00000,0x0000009215b00000)]
  0x00000237c8b60000 JavaThread "Daemon Thread 3" [_thread_blocked, id=5284, stack(0x0000009211300000,0x0000009211400000)]
  0x00000237c8b5a800 JavaThread "Handler for socket connection from /127.0.0.1:51452 to /127.0.0.1:59950" [_thread_in_native, id=6036, stack(0x0000009211400000,0x0000009211500000)]
  0x00000237c8b61000 JavaThread "Cancel handler" [_thread_blocked, id=10336, stack(0x0000009211500000,0x0000009211600000)]
=>0x00000237c8b5b000 JavaThread "Daemon worker Thread 3" [_thread_in_Java, id=5240, stack(0x0000009212c00000,0x0000009212d00000)]
  0x00000237c8b61800 JavaThread "Asynchronous log dispatcher for DefaultDaemonConnection: socket connection from /127.0.0.1:51452 to /127.0.0.1:59950" [_thread_blocked, id=3340, stack(0x0000009212d00000,0x0000009212e00000)]
  0x00000237c8b5d800 JavaThread "Daemon client event forwarder" [_thread_blocked, id=1448, stack(0x0000009212f00000,0x0000009213000000)]
  0x00000237c8b5c800 JavaThread "Cache worker for file hash cache (E:\android\final project\.gradle\7.0.2\fileHashes)" [_thread_blocked, id=2332, stack(0x0000009213000000,0x0000009213100000)]
  0x00000237c8b64000 JavaThread "Cache worker for checksums cache (E:\android\final project\.gradle\checksums)" [_thread_blocked, id=5672, stack(0x0000009213100000,0x0000009213200000)]
  0x00000237c8b5f000 JavaThread "Cache worker for cache directory md-supplier (C:\Users\User4\.gradle\caches\7.0.2\md-supplier)" [_thread_blocked, id=9888, stack(0x0000009213200000,0x0000009213300000)]
  0x00000237c8b5e800 JavaThread "Cache worker for cache directory md-rule (C:\Users\User4\.gradle\caches\7.0.2\md-rule)" [_thread_blocked, id=8328, stack(0x0000009213700000,0x0000009213800000)]
  0x00000237c8b65800 JavaThread "Cache worker for dependencies-accessors (E:\android\final project\.gradle\7.0.2\dependencies-accessors)" [_thread_blocked, id=7956, stack(0x0000009213800000,0x0000009213900000)]
  0x00000237c8b66800 JavaThread "Cache worker for Build Output Cleanup Cache (E:\android\final project\.gradle\buildOutputCleanup)" [_thread_blocked, id=10612, stack(0x0000009213f00000,0x0000009214000000)]
  0x00000237c8b68000 JavaThread "Build operations" [_thread_blocked, id=6556, stack(0x0000009214000000,0x0000009214100000)]
  0x00000237c8b67800 JavaThread "Build operations Thread 2" [_thread_blocked, id=816, stack(0x0000009214100000,0x0000009214200000)]
  0x00000237c8b69000 JavaThread "Build operations Thread 3" [_thread_blocked, id=8516, stack(0x0000009214400000,0x0000009214500000)]
  0x00000237c3162800 JavaThread "Build operations Thread 4" [_thread_blocked, id=7288, stack(0x0000009214500000,0x0000009214600000)]
  0x00000237c3168000 JavaThread "build event listener" [_thread_blocked, id=10920, stack(0x0000009212e00000,0x0000009212f00000)]
  0x00000237c3169000 JavaThread "pool-10-thread-1" [_thread_blocked, id=8164, stack(0x0000009214600000,0x0000009214700000)]
  0x00000237c316d000 JavaThread "build event listener" [_thread_blocked, id=10992, stack(0x0000009214700000,0x0000009214800000)]
  0x00000237c316a000 JavaThread "Execution worker for ':'" [_thread_blocked, id=7212, stack(0x0000009214800000,0x0000009214900000)]
  0x00000237c316c000 JavaThread "Execution worker for ':' Thread 2" [_thread_blocked, id=6432, stack(0x0000009214900000,0x0000009214a00000)]
  0x00000237c3170800 JavaThread "Execution worker for ':' Thread 3" [_thread_blocked, id=11228, stack(0x0000009214d00000,0x0000009214e00000)]
  0x00000237c316f800 JavaThread "Cache worker for execution history cache (E:\android\final project\.gradle\7.0.2\executionHistory)" [_thread_blocked, id=1652, stack(0x0000009214e00000,0x0000009214f00000)]

Other Threads:
  0x00000237be409800 VMThread "VM Thread" [stack: 0x0000009211c00000,0x0000009211d00000] [id=8808] _threads_hazard_ptr=0x00000237c2c01470
  0x00000237bef26000 WatcherThread [stack: 0x0000009212600000,0x0000009212700000] [id=9052]
  0x00000237a2921800 GCTaskThread "GC Thread#0" [stack: 0x0000009211700000,0x0000009211800000] [id=5204]
  0x00000237bf0e5000 GCTaskThread "GC Thread#1" [stack: 0x0000009212800000,0x0000009212900000] [id=7228]
  0x00000237c0327800 GCTaskThread "GC Thread#2" [stack: 0x0000009213300000,0x0000009213400000] [id=10672]
  0x00000237c12d2000 GCTaskThread "GC Thread#3" [stack: 0x0000009213400000,0x0000009213500000] [id=1052]
  0x00000237a2951800 ConcurrentGCThread "G1 Main Marker" [stack: 0x0000009211800000,0x0000009211900000] [id=9548]
  0x00000237a2955000 ConcurrentGCThread "G1 Conc#0" [stack: 0x0000009211900000,0x0000009211a00000] [id=8916]
  0x00000237a29b5800 ConcurrentGCThread "G1 Refine#0" [stack: 0x0000009211a00000,0x0000009211b00000] [id=7164]
  0x00000237a29b6800 ConcurrentGCThread "G1 Young RemSet Sampling" [stack: 0x0000009211b00000,0x0000009211c00000] [id=10980]

Threads with active compile tasks:

VM state:synchronizing (normal execution)

VM Mutex/Monitor currently owned by a thread:  ([mutex/lock_event])
[0x00000237a29046e0] Safepoint_lock - owner thread: 0x00000237be409800
[0x00000237a2903cc0] Threads_lock - owner thread: 0x00000237be409800

Heap address: 0x0000000080000000, size: 2048 MB, Compressed Oops mode: 32-bit
Narrow klass base: 0x0000000000000000, Narrow klass shift: 3
Compressed class space size: 1073741824 Address: 0x0000000100000000

Heap:
 garbage-first heap   total 206848K, used 142668K [0x0000000080000000, 0x0000000100000000)
  region size 1024K, 8 young (8192K), 1 survivors (1024K)
 Metaspace       used 139008K, capacity 142945K, committed 143616K, reserved 1173504K
  class space    used 17765K, capacity 19216K, committed 19456K, reserved 1048576K
Heap Regions: E=young(eden), S=young(survivor), O=old, HS=humongous(starts), HC=humongous(continues), CS=collection set, F=free, A=archive, TAMS=top-at-mark-start (previous, next)
|   0|0x0000000080000000, 0x0000000080100000, 0x0000000080100000|100%| O|  |TAMS 0x0000000080100000, 0x0000000080100000| Untracked 
|   1|0x0000000080100000, 0x0000000080200000, 0x0000000080200000|100%| O|  |TAMS 0x0000000080200000, 0x0000000080200000| Untracked 
|   2|0x0000000080200000, 0x0000000080300000, 0x0000000080300000|100%| O|  |TAMS 0x0000000080300000, 0x0000000080300000| Untracked 
|   3|0x0000000080300000, 0x0000000080400000, 0x0000000080400000|100%|HS|  |TAMS 0x0000000080400000, 0x0000000080400000| Complete 
|   4|0x0000000080400000, 0x0000000080500000, 0x0000000080500000|100%|HC|  |TAMS 0x0000000080500000, 0x0000000080500000| Complete 
|   5|0x0000000080500000, 0x0000000080600000, 0x0000000080600000|100%|HC|  |TAMS 0x0000000080600000, 0x0000000080600000| Complete 
|   6|0x0000000080600000, 0x0000000080700000, 0x0000000080700000|100%| O|  |TAMS 0x0000000080700000, 0x0000000080700000| Untracked 
|   7|0x0000000080700000, 0x0000000080800000, 0x0000000080800000|100%| O|  |TAMS 0x0000000080800000, 0x0000000080800000| Untracked 
|   8|0x0000000080800000, 0x0000000080900000, 0x0000000080900000|100%| O|  |TAMS 0x0000000080900000, 0x0000000080900000| Untracked 
|   9|0x0000000080900000, 0x0000000080a00000, 0x0000000080a00000|100%| O|  |TAMS 0x0000000080a00000, 0x0000000080a00000| Untracked 
|  10|0x0000000080a00000, 0x0000000080b00000, 0x0000000080b00000|100%| O|  |TAMS 0x0000000080b00000, 0x0000000080b00000| Untracked 
|  11|0x0000000080b00000, 0x0000000080c00000, 0x0000000080c00000|100%| O|  |TAMS 0x0000000080c00000, 0x0000000080c00000| Untracked 
|  12|0x0000000080c00000, 0x0000000080d00000, 0x0000000080d00000|100%| O|  |TAMS 0x0000000080d00000, 0x0000000080d00000| Untracked 
|  13|0x0000000080d00000, 0x0000000080e00000, 0x0000000080e00000|100%| O|  |TAMS 0x0000000080e00000, 0x0000000080e00000| Untracked 
|  14|0x0000000080e00000, 0x0000000080f00000, 0x0000000080f00000|100%| O|  |TAMS 0x0000000080f00000, 0x0000000080f00000| Untracked 
|  15|0x0000000080f00000, 0x0000000081000000, 0x0000000081000000|100%| O|  |TAMS 0x0000000081000000, 0x0000000081000000| Untracked 
|  16|0x0000000081000000, 0x0000000081100000, 0x0000000081100000|100%|HS|  |TAMS 0x0000000081100000, 0x0000000081100000| Complete 
|  17|0x0000000081100000, 0x0000000081200000, 0x0000000081200000|100%|HC|  |TAMS 0x0000000081200000, 0x0000000081200000| Complete 
|  18|0x0000000081200000, 0x0000000081300000, 0x0000000081300000|100%|HS|  |TAMS 0x0000000081300000, 0x0000000081300000| Complete 
|  19|0x0000000081300000, 0x0000000081400000, 0x0000000081400000|100%|HC|  |TAMS 0x0000000081400000, 0x0000000081400000| Complete 
|  20|0x0000000081400000, 0x0000000081500000, 0x0000000081500000|100%|HC|  |TAMS 0x0000000081500000, 0x0000000081500000| Complete 
|  21|0x0000000081500000, 0x0000000081600000, 0x0000000081600000|100%|HS|  |TAMS 0x0000000081600000, 0x0000000081600000| Complete 
|  22|0x0000000081600000, 0x0000000081700000, 0x0000000081700000|100%|HC|  |TAMS 0x0000000081700000, 0x0000000081700000| Complete 
|  23|0x0000000081700000, 0x0000000081800000, 0x0000000081800000|100%|HC|  |TAMS 0x0000000081800000, 0x0000000081800000| Complete 
|  24|0x0000000081800000, 0x0000000081900000, 0x0000000081900000|100%|HC|  |TAMS 0x0000000081900000, 0x0000000081900000| Complete 
|  25|0x0000000081900000, 0x0000000081a00000, 0x0000000081a00000|100%|HC|  |TAMS 0x0000000081a00000, 0x0000000081a00000| Complete 
|  26|0x0000000081a00000, 0x0000000081b00000, 0x0000000081b00000|100%| O|  |TAMS 0x0000000081b00000, 0x0000000081b00000| Untracked 
|  27|0x0000000081b00000, 0x0000000081c00000, 0x0000000081c00000|100%| O|  |TAMS 0x0000000081c00000, 0x0000000081c00000| Untracked 
|  28|0x0000000081c00000, 0x0000000081d00000, 0x0000000081d00000|100%| O|  |TAMS 0x0000000081d00000, 0x0000000081d00000| Untracked 
|  29|0x0000000081d00000, 0x0000000081e00000, 0x0000000081e00000|100%| O|  |TAMS 0x0000000081e00000, 0x0000000081e00000| Untracked 
|  30|0x0000000081e00000, 0x0000000081f00000, 0x0000000081f00000|100%| O|  |TAMS 0x0000000081f00000, 0x0000000081f00000| Untracked 
|  31|0x0000000081f00000, 0x0000000082000000, 0x0000000082000000|100%| O|  |TAMS 0x0000000082000000, 0x0000000082000000| Untracked 
|  32|0x0000000082000000, 0x0000000082100000, 0x0000000082100000|100%| O|  |TAMS 0x0000000082100000, 0x0000000082100000| Untracked 
|  33|0x0000000082100000, 0x0000000082200000, 0x0000000082200000|100%|HS|  |TAMS 0x0000000082200000, 0x0000000082200000| Complete 
|  34|0x0000000082200000, 0x0000000082300000, 0x0000000082300000|100%|HC|  |TAMS 0x0000000082300000, 0x0000000082300000| Complete 
|  35|0x0000000082300000, 0x0000000082400000, 0x0000000082400000|100%|HC|  |TAMS 0x0000000082400000, 0x0000000082400000| Complete 
|  36|0x0000000082400000, 0x0000000082500000, 0x0000000082500000|100%| O|  |TAMS 0x0000000082500000, 0x0000000082500000| Untracked 
|  37|0x0000000082500000, 0x0000000082600000, 0x0000000082600000|100%| O|  |TAMS 0x0000000082600000, 0x0000000082600000| Untracked 
|  38|0x0000000082600000, 0x0000000082700000, 0x0000000082700000|100%|HS|  |TAMS 0x0000000082700000, 0x0000000082700000| Complete 
|  39|0x0000000082700000, 0x0000000082800000, 0x0000000082800000|100%|HC|  |TAMS 0x0000000082800000, 0x0000000082800000| Complete 
|  40|0x0000000082800000, 0x0000000082900000, 0x0000000082900000|100%|HC|  |TAMS 0x0000000082900000, 0x0000000082900000| Complete 
|  41|0x0000000082900000, 0x0000000082a00000, 0x0000000082a00000|100%|HC|  |TAMS 0x0000000082a00000, 0x0000000082a00000| Complete 
|  42|0x0000000082a00000, 0x0000000082b00000, 0x0000000082b00000|100%|HC|  |TAMS 0x0000000082b00000, 0x0000000082b00000| Complete 
|  43|0x0000000082b00000, 0x0000000082c00000, 0x0000000082c00000|100%| O|  |TAMS 0x0000000082c00000, 0x0000000082c00000| Untracked 
|  44|0x0000000082c00000, 0x0000000082d00000, 0x0000000082d00000|100%| O|  |TAMS 0x0000000082d00000, 0x0000000082d00000| Untracked 
|  45|0x0000000082d00000, 0x0000000082e00000, 0x0000000082e00000|100%| O|  |TAMS 0x0000000082e00000, 0x0000000082e00000| Untracked 
|  46|0x0000000082e00000, 0x0000000082f00000, 0x0000000082f00000|100%| O|  |TAMS 0x0000000082f00000, 0x0000000082f00000| Untracked 
|  47|0x0000000082f00000, 0x0000000083000000, 0x0000000083000000|100%| O|  |TAMS 0x0000000083000000, 0x0000000083000000| Untracked 
|  48|0x0000000083000000, 0x0000000083100000, 0x0000000083100000|100%| O|  |TAMS 0x0000000083100000, 0x0000000083100000| Untracked 
|  49|0x0000000083100000, 0x0000000083200000, 0x0000000083200000|100%| O|  |TAMS 0x0000000083200000, 0x0000000083200000| Untracked 
|  50|0x0000000083200000, 0x0000000083300000, 0x0000000083300000|100%| O|  |TAMS 0x0000000083300000, 0x0000000083300000| Untracked 
|  51|0x0000000083300000, 0x0000000083400000, 0x0000000083400000|100%| O|  |TAMS 0x0000000083400000, 0x0000000083400000| Untracked 
|  52|0x0000000083400000, 0x0000000083500000, 0x0000000083500000|100%| O|  |TAMS 0x0000000083500000, 0x0000000083500000| Untracked 
|  53|0x0000000083500000, 0x0000000083600000, 0x0000000083600000|100%| O|  |TAMS 0x0000000083600000, 0x0000000083600000| Untracked 
|  54|0x0000000083600000, 0x0000000083700000, 0x0000000083700000|100%| O|  |TAMS 0x0000000083700000, 0x0000000083700000| Untracked 
|  55|0x0000000083700000, 0x0000000083800000, 0x0000000083800000|100%| O|  |TAMS 0x0000000083800000, 0x0000000083800000| Untracked 
|  56|0x0000000083800000, 0x0000000083900000, 0x0000000083900000|100%| O|  |TAMS 0x0000000083900000, 0x0000000083900000| Untracked 
|  57|0x0000000083900000, 0x0000000083a00000, 0x0000000083a00000|100%|HS|  |TAMS 0x0000000083a00000, 0x0000000083a00000| Complete 
|  58|0x0000000083a00000, 0x0000000083b00000, 0x0000000083b00000|100%|HS|  |TAMS 0x0000000083b00000, 0x0000000083b00000| Complete 
|  59|0x0000000083b00000, 0x0000000083c00000, 0x0000000083c00000|100%|HS|  |TAMS 0x0000000083c00000, 0x0000000083c00000| Complete 
|  60|0x0000000083c00000, 0x0000000083d00000, 0x0000000083d00000|100%|HC|  |TAMS 0x0000000083d00000, 0x0000000083d00000| Complete 
|  61|0x0000000083d00000, 0x0000000083e00000, 0x0000000083e00000|100%| O|  |TAMS 0x0000000083e00000, 0x0000000083e00000| Untracked 
|  62|0x0000000083e00000, 0x0000000083f00000, 0x0000000083f00000|100%| O|  |TAMS 0x0000000083f00000, 0x0000000083f00000| Untracked 
|  63|0x0000000083f00000, 0x0000000084000000, 0x0000000084000000|100%| O|  |TAMS 0x0000000084000000, 0x0000000084000000| Untracked 
|  64|0x0000000084000000, 0x0000000084100000, 0x0000000084100000|100%| O|  |TAMS 0x0000000084100000, 0x0000000084100000| Untracked 
|  65|0x0000000084100000, 0x0000000084200000, 0x0000000084200000|100%| O|  |TAMS 0x0000000084200000, 0x0000000084200000| Untracked 
|  66|0x0000000084200000, 0x0000000084300000, 0x0000000084300000|100%| O|  |TAMS 0x0000000084300000, 0x0000000084300000| Untracked 
|  67|0x0000000084300000, 0x0000000084400000, 0x0000000084400000|100%| O|  |TAMS 0x0000000084400000, 0x0000000084400000| Untracked 
|  68|0x0000000084400000, 0x0000000084500000, 0x0000000084500000|100%| O|  |TAMS 0x0000000084500000, 0x0000000084500000| Untracked 
|  69|0x0000000084500000, 0x0000000084600000, 0x0000000084600000|100%| O|  |TAMS 0x0000000084600000, 0x0000000084600000| Untracked 
|  70|0x0000000084600000, 0x0000000084700000, 0x0000000084700000|100%| O|  |TAMS 0x0000000084700000, 0x0000000084700000| Untracked 
|  71|0x0000000084700000, 0x0000000084800000, 0x0000000084800000|100%| O|  |TAMS 0x0000000084800000, 0x0000000084800000| Untracked 
|  72|0x0000000084800000, 0x0000000084900000, 0x0000000084900000|100%| O|  |TAMS 0x0000000084900000, 0x0000000084900000| Untracked 
|  73|0x0000000084900000, 0x0000000084a00000, 0x0000000084a00000|100%| O|  |TAMS 0x0000000084a00000, 0x0000000084a00000| Untracked 
|  74|0x0000000084a00000, 0x0000000084b00000, 0x0000000084b00000|100%| O|  |TAMS 0x0000000084b00000, 0x0000000084b00000| Untracked 
|  75|0x0000000084b00000, 0x0000000084c00000, 0x0000000084c00000|100%| O|  |TAMS 0x0000000084c00000, 0x0000000084c00000| Untracked 
|  76|0x0000000084c00000, 0x0000000084d00000, 0x0000000084d00000|100%| O|  |TAMS 0x0000000084d00000, 0x0000000084d00000| Untracked 
|  77|0x0000000084d00000, 0x0000000084e00000, 0x0000000084e00000|100%| O|  |TAMS 0x0000000084e00000, 0x0000000084e00000| Untracked 
|  78|0x0000000084e00000, 0x0000000084f00000, 0x0000000084f00000|100%| O|  |TAMS 0x0000000084f00000, 0x0000000084f00000| Untracked 
|  79|0x0000000084f00000, 0x0000000085000000, 0x0000000085000000|100%| O|  |TAMS 0x0000000085000000, 0x0000000085000000| Untracked 
|  80|0x0000000085000000, 0x0000000085100000, 0x0000000085100000|100%| O|  |TAMS 0x0000000085100000, 0x0000000085100000| Untracked 
|  81|0x0000000085100000, 0x0000000085200000, 0x0000000085200000|100%| O|  |TAMS 0x0000000085200000, 0x0000000085200000| Untracked 
|  82|0x0000000085200000, 0x0000000085300000, 0x0000000085300000|100%| O|  |TAMS 0x0000000085300000, 0x0000000085300000| Untracked 
|  83|0x0000000085300000, 0x0000000085400000, 0x0000000085400000|100%| O|  |TAMS 0x0000000085400000, 0x0000000085400000| Untracked 
|  84|0x0000000085400000, 0x0000000085500000, 0x0000000085500000|100%| O|  |TAMS 0x0000000085500000, 0x0000000085500000| Untracked 
|  85|0x0000000085500000, 0x0000000085600000, 0x0000000085600000|100%| O|  |TAMS 0x0000000085600000, 0x0000000085600000| Untracked 
|  86|0x0000000085600000, 0x0000000085700000, 0x0000000085700000|100%| O|  |TAMS 0x0000000085700000, 0x0000000085700000| Untracked 
|  87|0x0000000085700000, 0x0000000085800000, 0x0000000085800000|100%| O|  |TAMS 0x0000000085800000, 0x0000000085800000| Untracked 
|  88|0x0000000085800000, 0x0000000085900000, 0x0000000085900000|100%| O|  |TAMS 0x0000000085900000, 0x0000000085900000| Untracked 
|  89|0x0000000085900000, 0x0000000085a00000, 0x0000000085a00000|100%| O|  |TAMS 0x0000000085a00000, 0x0000000085a00000| Untracked 
|  90|0x0000000085a00000, 0x0000000085b00000, 0x0000000085b00000|100%| O|  |TAMS 0x0000000085b00000, 0x0000000085b00000| Untracked 
|  91|0x0000000085b00000, 0x0000000085c00000, 0x0000000085c00000|100%| O|  |TAMS 0x0000000085c00000, 0x0000000085c00000| Untracked 
|  92|0x0000000085c00000, 0x0000000085d00000, 0x0000000085d00000|100%| O|  |TAMS 0x0000000085d00000, 0x0000000085d00000| Untracked 
|  93|0x0000000085d00000, 0x0000000085e00000, 0x0000000085e00000|100%| O|  |TAMS 0x0000000085e00000, 0x0000000085e00000| Untracked 
|  94|0x0000000085e00000, 0x0000000085f00000, 0x0000000085f00000|100%| O|  |TAMS 0x0000000085f00000, 0x0000000085f00000| Untracked 
|  95|0x0000000085f00000, 0x0000000086000000, 0x0000000086000000|100%| O|  |TAMS 0x0000000086000000, 0x0000000086000000| Untracked 
|  96|0x0000000086000000, 0x0000000086100000, 0x0000000086100000|100%| O|  |TAMS 0x0000000086100000, 0x0000000086100000| Untracked 
|  97|0x0000000086100000, 0x0000000086200000, 0x0000000086200000|100%| O|  |TAMS 0x0000000086200000, 0x0000000086200000| Untracked 
|  98|0x0000000086200000, 0x0000000086300000, 0x0000000086300000|100%| O|  |TAMS 0x0000000086214200, 0x0000000086300000| Untracked 
|  99|0x0000000086300000, 0x0000000086400000, 0x0000000086400000|100%| O|  |TAMS 0x0000000086400000, 0x0000000086400000| Untracked 
| 100|0x0000000086400000, 0x0000000086500000, 0x0000000086500000|100%| O|  |TAMS 0x0000000086500000, 0x0000000086500000| Untracked 
| 101|0x0000000086500000, 0x0000000086600000, 0x0000000086600000|100%| O|  |TAMS 0x0000000086500000, 0x0000000086600000| Untracked 
| 102|0x0000000086600000, 0x0000000086700000, 0x0000000086700000|100%| O|  |TAMS 0x0000000086700000, 0x0000000086700000| Untracked 
| 103|0x0000000086700000, 0x0000000086800000, 0x0000000086800000|100%| O|  |TAMS 0x0000000086800000, 0x0000000086800000| Untracked 
| 104|0x0000000086800000, 0x0000000086900000, 0x0000000086900000|100%| O|  |TAMS 0x0000000086900000, 0x0000000086900000| Untracked 
| 105|0x0000000086900000, 0x0000000086a00000, 0x0000000086a00000|100%| O|  |TAMS 0x0000000086a00000, 0x0000000086a00000| Untracked 
| 106|0x0000000086a00000, 0x0000000086b00000, 0x0000000086b00000|100%| O|  |TAMS 0x0000000086b00000, 0x0000000086b00000| Untracked 
| 107|0x0000000086b00000, 0x0000000086c00000, 0x0000000086c00000|100%| O|  |TAMS 0x0000000086c00000, 0x0000000086c00000| Untracked 
| 108|0x0000000086c00000, 0x0000000086d00000, 0x0000000086d00000|100%| O|  |TAMS 0x0000000086d00000, 0x0000000086d00000| Untracked 
| 109|0x0000000086d00000, 0x0000000086e00000, 0x0000000086e00000|100%| O|  |TAMS 0x0000000086e00000, 0x0000000086e00000| Untracked 
| 110|0x0000000086e00000, 0x0000000086f00000, 0x0000000086f00000|100%| O|  |TAMS 0x0000000086f00000, 0x0000000086f00000| Untracked 
| 111|0x0000000086f00000, 0x0000000087000000, 0x0000000087000000|100%| O|  |TAMS 0x0000000087000000, 0x0000000087000000| Untracked 
| 112|0x0000000087000000, 0x0000000087100000, 0x0000000087100000|100%| O|  |TAMS 0x0000000087100000, 0x0000000087100000| Untracked 
| 113|0x0000000087100000, 0x0000000087200000, 0x0000000087200000|100%| O|  |TAMS 0x0000000087200000, 0x0000000087200000| Untracked 
| 114|0x0000000087200000, 0x0000000087300000, 0x0000000087300000|100%| O|  |TAMS 0x0000000087300000, 0x0000000087300000| Untracked 
| 115|0x0000000087300000, 0x0000000087400000, 0x0000000087400000|100%| O|  |TAMS 0x0000000087400000, 0x0000000087400000| Untracked 
| 116|0x0000000087400000, 0x0000000087500000, 0x0000000087500000|100%| O|  |TAMS 0x0000000087500000, 0x0000000087500000| Untracked 
| 117|0x0000000087500000, 0x0000000087600000, 0x0000000087600000|100%| O|  |TAMS 0x0000000087500000, 0x0000000087600000| Untracked 
| 118|0x0000000087600000, 0x0000000087700000, 0x0000000087700000|100%| O|  |TAMS 0x0000000087600000, 0x0000000087700000| Untracked 
| 119|0x0000000087700000, 0x0000000087800000, 0x0000000087800000|100%| O|  |TAMS 0x0000000087800000, 0x0000000087800000| Untracked 
| 120|0x0000000087800000, 0x0000000087900000, 0x0000000087900000|100%| O|  |TAMS 0x0000000087900000, 0x0000000087900000| Untracked 
| 121|0x0000000087900000, 0x0000000087a00000, 0x0000000087a00000|100%| O|  |TAMS 0x0000000087a00000, 0x0000000087a00000| Untracked 
| 122|0x0000000087a00000, 0x0000000087b00000, 0x0000000087b00000|100%| O|  |TAMS 0x0000000087b00000, 0x0000000087b00000| Untracked 
| 123|0x0000000087b00000, 0x0000000087c00000, 0x0000000087c00000|100%| O|  |TAMS 0x0000000087c00000, 0x0000000087c00000| Untracked 
| 124|0x0000000087c00000, 0x0000000087d00000, 0x0000000087d00000|100%| O|  |TAMS 0x0000000087c00000, 0x0000000087d00000| Untracked 
| 125|0x0000000087d00000, 0x0000000087e00000, 0x0000000087e00000|100%| O|  |TAMS 0x0000000087d00000, 0x0000000087e00000| Untracked 
| 126|0x0000000087e00000, 0x0000000087f00000, 0x0000000087f00000|100%| O|  |TAMS 0x0000000087e00000, 0x0000000087e33800| Untracked 
| 127|0x0000000087f00000, 0x0000000088000000, 0x0000000088000000|100%| O|  |TAMS 0x0000000088000000, 0x0000000088000000| Untracked 
| 128|0x0000000088000000, 0x0000000088094000, 0x0000000088100000| 57%| O|  |TAMS 0x0000000088000000, 0x0000000088000000| Untracked 
| 129|0x0000000088100000, 0x0000000088100000, 0x0000000088200000|  0%| F|  |TAMS 0x0000000088100000, 0x0000000088100000| Untracked 
| 130|0x0000000088200000, 0x0000000088200000, 0x0000000088300000|  0%| F|  |TAMS 0x0000000088200000, 0x0000000088200000| Untracked 
| 131|0x0000000088300000, 0x0000000088300000, 0x0000000088400000|  0%| F|  |TAMS 0x0000000088300000, 0x0000000088300000| Untracked 
| 132|0x0000000088400000, 0x0000000088400000, 0x0000000088500000|  0%| F|  |TAMS 0x0000000088400000, 0x0000000088400000| Untracked 
| 133|0x0000000088500000, 0x0000000088500000, 0x0000000088600000|  0%| F|  |TAMS 0x0000000088500000, 0x0000000088500000| Untracked 
| 134|0x0000000088600000, 0x0000000088700000, 0x0000000088700000|100%| O|  |TAMS 0x0000000088700000, 0x0000000088700000| Untracked 
| 135|0x0000000088700000, 0x0000000088800000, 0x0000000088800000|100%| O|  |TAMS 0x0000000088800000, 0x0000000088800000| Untracked 
| 136|0x0000000088800000, 0x0000000088900000, 0x0000000088900000|100%| O|  |TAMS 0x0000000088900000, 0x0000000088900000| Untracked 
| 137|0x0000000088900000, 0x0000000088a00000, 0x0000000088a00000|100%| O|  |TAMS 0x0000000088a00000, 0x0000000088a00000| Untracked 
| 138|0x0000000088a00000, 0x0000000088a00000, 0x0000000088b00000|  0%| F|  |TAMS 0x0000000088a00000, 0x0000000088a00000| Untracked 
| 139|0x0000000088b00000, 0x0000000088b00000, 0x0000000088c00000|  0%| F|  |TAMS 0x0000000088b00000, 0x0000000088b00000| Untracked 
| 140|0x0000000088c00000, 0x0000000088c00000, 0x0000000088d00000|  0%| F|  |TAMS 0x0000000088c00000, 0x0000000088c00000| Untracked 
| 141|0x0000000088d00000, 0x0000000088d00000, 0x0000000088e00000|  0%| F|  |TAMS 0x0000000088d00000, 0x0000000088d00000| Untracked 
| 142|0x0000000088e00000, 0x0000000088e00000, 0x0000000088f00000|  0%| F|  |TAMS 0x0000000088e00000, 0x0000000088e00000| Untracked 
| 143|0x0000000088f00000, 0x0000000088f00000, 0x0000000089000000|  0%| F|  |TAMS 0x0000000088f00000, 0x0000000088f00000| Untracked 
| 144|0x0000000089000000, 0x0000000089000000, 0x0000000089100000|  0%| F|  |TAMS 0x0000000089000000, 0x0000000089000000| Untracked 
| 145|0x0000000089100000, 0x0000000089100000, 0x0000000089200000|  0%| F|  |TAMS 0x0000000089100000, 0x0000000089100000| Untracked 
| 146|0x0000000089200000, 0x0000000089200000, 0x0000000089300000|  0%| F|  |TAMS 0x0000000089200000, 0x0000000089200000| Untracked 
| 147|0x0000000089300000, 0x0000000089300000, 0x0000000089400000|  0%| F|  |TAMS 0x0000000089300000, 0x0000000089300000| Untracked 
| 148|0x0000000089400000, 0x0000000089400000, 0x0000000089500000|  0%| F|  |TAMS 0x0000000089400000, 0x0000000089400000| Untracked 
| 149|0x0000000089500000, 0x0000000089500000, 0x0000000089600000|  0%| F|  |TAMS 0x0000000089500000, 0x0000000089500000| Untracked 
| 150|0x0000000089600000, 0x0000000089600000, 0x0000000089700000|  0%| F|  |TAMS 0x0000000089600000, 0x0000000089600000| Untracked 
| 151|0x0000000089700000, 0x0000000089700000, 0x0000000089800000|  0%| F|  |TAMS 0x0000000089700000, 0x0000000089700000| Untracked 
| 152|0x0000000089800000, 0x0000000089800000, 0x0000000089900000|  0%| F|  |TAMS 0x0000000089800000, 0x0000000089800000| Untracked 
| 153|0x0000000089900000, 0x0000000089900000, 0x0000000089a00000|  0%| F|  |TAMS 0x0000000089900000, 0x0000000089900000| Untracked 
| 154|0x0000000089a00000, 0x0000000089a00000, 0x0000000089b00000|  0%| F|  |TAMS 0x0000000089a00000, 0x0000000089a00000| Untracked 
| 155|0x0000000089b00000, 0x0000000089b00000, 0x0000000089c00000|  0%| F|  |TAMS 0x0000000089b00000, 0x0000000089b00000| Untracked 
| 156|0x0000000089c00000, 0x0000000089c00000, 0x0000000089d00000|  0%| F|  |TAMS 0x0000000089c00000, 0x0000000089c00000| Untracked 
| 157|0x0000000089d00000, 0x0000000089d00000, 0x0000000089e00000|  0%| F|  |TAMS 0x0000000089d00000, 0x0000000089d00000| Untracked 
| 158|0x0000000089e00000, 0x0000000089e00000, 0x0000000089f00000|  0%| F|  |TAMS 0x0000000089e00000, 0x0000000089e00000| Untracked 
| 159|0x0000000089f00000, 0x0000000089f00000, 0x000000008a000000|  0%| F|  |TAMS 0x0000000089f00000, 0x0000000089f00000| Untracked 
| 160|0x000000008a000000, 0x000000008a000000, 0x000000008a100000|  0%| F|  |TAMS 0x000000008a000000, 0x000000008a000000| Untracked 
| 161|0x000000008a100000, 0x000000008a100000, 0x000000008a200000|  0%| F|  |TAMS 0x000000008a100000, 0x000000008a100000| Untracked 
| 162|0x000000008a200000, 0x000000008a200000, 0x000000008a300000|  0%| F|  |TAMS 0x000000008a200000, 0x000000008a200000| Untracked 
| 163|0x000000008a300000, 0x000000008a300000, 0x000000008a400000|  0%| F|  |TAMS 0x000000008a300000, 0x000000008a300000| Untracked 
| 164|0x000000008a400000, 0x000000008a400000, 0x000000008a500000|  0%| F|  |TAMS 0x000000008a400000, 0x000000008a400000| Untracked 
| 165|0x000000008a500000, 0x000000008a500000, 0x000000008a600000|  0%| F|  |TAMS 0x000000008a500000, 0x000000008a500000| Untracked 
| 166|0x000000008a600000, 0x000000008a600000, 0x000000008a700000|  0%| F|  |TAMS 0x000000008a600000, 0x000000008a600000| Untracked 
| 167|0x000000008a700000, 0x000000008a700000, 0x000000008a800000|  0%| F|  |TAMS 0x000000008a700000, 0x000000008a700000| Untracked 
| 168|0x000000008a800000, 0x000000008a800000, 0x000000008a900000|  0%| F|  |TAMS 0x000000008a800000, 0x000000008a800000| Untracked 
| 169|0x000000008a900000, 0x000000008a900000, 0x000000008aa00000|  0%| F|  |TAMS 0x000000008a900000, 0x000000008a900000| Untracked 
| 170|0x000000008aa00000, 0x000000008aa00000, 0x000000008ab00000|  0%| F|  |TAMS 0x000000008aa00000, 0x000000008aa00000| Untracked 
| 171|0x000000008ab00000, 0x000000008ab00000, 0x000000008ac00000|  0%| F|  |TAMS 0x000000008ab00000, 0x000000008ab00000| Untracked 
| 172|0x000000008ac00000, 0x000000008ac00000, 0x000000008ad00000|  0%| F|  |TAMS 0x000000008ac00000, 0x000000008ac00000| Untracked 
| 173|0x000000008ad00000, 0x000000008ad00000, 0x000000008ae00000|  0%| F|  |TAMS 0x000000008ad00000, 0x000000008ad00000| Untracked 
| 174|0x000000008ae00000, 0x000000008ae00000, 0x000000008af00000|  0%| F|  |TAMS 0x000000008ae00000, 0x000000008ae00000| Untracked 
| 175|0x000000008af00000, 0x000000008af00000, 0x000000008b000000|  0%| F|  |TAMS 0x000000008af00000, 0x000000008af00000| Untracked 
| 176|0x000000008b000000, 0x000000008b000000, 0x000000008b100000|  0%| F|  |TAMS 0x000000008b000000, 0x000000008b000000| Untracked 
| 177|0x000000008b100000, 0x000000008b100000, 0x000000008b200000|  0%| F|  |TAMS 0x000000008b100000, 0x000000008b100000| Untracked 
| 178|0x000000008b200000, 0x000000008b200000, 0x000000008b300000|  0%| F|  |TAMS 0x000000008b200000, 0x000000008b200000| Untracked 
| 179|0x000000008b300000, 0x000000008b300000, 0x000000008b400000|  0%| F|  |TAMS 0x000000008b300000, 0x000000008b300000| Untracked 
| 180|0x000000008b400000, 0x000000008b400000, 0x000000008b500000|  0%| F|  |TAMS 0x000000008b400000, 0x000000008b400000| Untracked 
| 181|0x000000008b500000, 0x000000008b500000, 0x000000008b600000|  0%| F|  |TAMS 0x000000008b500000, 0x000000008b500000| Untracked 
| 182|0x000000008b600000, 0x000000008b600000, 0x000000008b700000|  0%| F|  |TAMS 0x000000008b600000, 0x000000008b600000| Untracked 
| 183|0x000000008b700000, 0x000000008b700000, 0x000000008b800000|  0%| F|  |TAMS 0x000000008b700000, 0x000000008b700000| Untracked 
| 184|0x000000008b800000, 0x000000008b800000, 0x000000008b900000|  0%| F|  |TAMS 0x000000008b800000, 0x000000008b800000| Untracked 
| 185|0x000000008b900000, 0x000000008b900000, 0x000000008ba00000|  0%| F|  |TAMS 0x000000008b900000, 0x000000008b900000| Untracked 
| 186|0x000000008ba00000, 0x000000008ba00000, 0x000000008bb00000|  0%| F|  |TAMS 0x000000008ba00000, 0x000000008ba00000| Untracked 
| 187|0x000000008bb00000, 0x000000008bb00000, 0x000000008bc00000|  0%| F|  |TAMS 0x000000008bb00000, 0x000000008bb00000| Untracked 
| 188|0x000000008bc00000, 0x000000008bc00000, 0x000000008bd00000|  0%| F|  |TAMS 0x000000008bc00000, 0x000000008bc00000| Untracked 
| 189|0x000000008bd00000, 0x000000008bd00000, 0x000000008be00000|  0%| F|  |TAMS 0x000000008bd00000, 0x000000008bd00000| Untracked 
| 190|0x000000008be00000, 0x000000008be00000, 0x000000008bf00000|  0%| F|  |TAMS 0x000000008be00000, 0x000000008be00000| Untracked 
| 191|0x000000008bf00000, 0x000000008bfbf298, 0x000000008c000000| 74%| S|CS|TAMS 0x000000008bf00000, 0x000000008bf00000| Complete 
| 192|0x000000008c000000, 0x000000008c000000, 0x000000008c100000|  0%| F|  |TAMS 0x000000008c000000, 0x000000008c000000| Untracked 
| 193|0x000000008c100000, 0x000000008c100000, 0x000000008c200000|  0%| F|  |TAMS 0x000000008c100000, 0x000000008c100000| Untracked 
| 194|0x000000008c200000, 0x000000008c200000, 0x000000008c300000|  0%| F|  |TAMS 0x000000008c200000, 0x000000008c200000| Untracked 
| 195|0x000000008c300000, 0x000000008c304088, 0x000000008c400000|  1%| E|  |TAMS 0x000000008c300000, 0x000000008c300000| Complete 
| 196|0x000000008c400000, 0x000000008c500000, 0x000000008c500000|100%| E|CS|TAMS 0x000000008c400000, 0x000000008c400000| Complete 
| 197|0x000000008c500000, 0x000000008c600000, 0x000000008c600000|100%| E|CS|TAMS 0x000000008c500000, 0x000000008c500000| Complete 
| 198|0x000000008c600000, 0x000000008c700000, 0x000000008c700000|100%| E|CS|TAMS 0x000000008c600000, 0x000000008c600000| Complete 
| 199|0x000000008c700000, 0x000000008c800000, 0x000000008c800000|100%| E|CS|TAMS 0x000000008c700000, 0x000000008c700000| Complete 
| 200|0x000000008c800000, 0x000000008c900000, 0x000000008c900000|100%| E|CS|TAMS 0x000000008c800000, 0x000000008c800000| Complete 
| 201|0x000000008c900000, 0x000000008ca00000, 0x000000008ca00000|100%| E|CS|TAMS 0x000000008c900000, 0x000000008c900000| Complete 

Card table byte_map: [0x00000237b7600000,0x00000237b7a00000] _byte_map_base: 0x00000237b7200000

Marking Bits (Prev, Next): (CMBitMap*) 0x00000237a2948dd8, (CMBitMap*) 0x00000237a2948e10
 Prev Bits: [0x00000237b7e00000, 0x00000237b9e00000)
 Next Bits: [0x00000237b9e00000, 0x00000237bbe00000)

Polling page: 0x00000237a27d0000

Metaspace:

Usage:
  Non-class:    120.83 MB capacity,   118.40 MB ( 98%) used,     1.99 MB (  2%) free+waste,   445.13 KB ( <1%) overhead. 
      Class:     18.77 MB capacity,    17.35 MB ( 92%) used,     1.22 MB (  6%) free+waste,   203.56 KB (  1%) overhead. 
       Both:    139.59 MB capacity,   135.75 MB ( 97%) used,     3.21 MB (  2%) free+waste,   648.69 KB ( <1%) overhead. 

Virtual space:
  Non-class space:      122.00 MB reserved,     121.25 MB (>99%) committed 
      Class space:        1.00 GB reserved,      19.00 MB (  2%) committed 
             Both:        1.12 GB reserved,     140.25 MB ( 12%) committed 

Chunk freelists:
   Non-Class:  303.00 KB
       Class:  176.00 KB
        Both:  479.00 KB

MaxMetaspaceSize: 17179869184.00 GB
CompressedClassSpaceSize: 1.00 GB

CodeHeap 'non-profiled nmethods': size=120064Kb used=11616Kb max_used=11616Kb free=108447Kb
 bounds [0x00000237af6a0000, 0x00000237b0200000, 0x00000237b6be0000]
CodeHeap 'profiled nmethods': size=120000Kb used=37889Kb max_used=37889Kb free=82110Kb
 bounds [0x00000237a8170000, 0x00000237aa680000, 0x00000237af6a0000]
CodeHeap 'non-nmethods': size=5696Kb used=2383Kb max_used=2456Kb free=3312Kb
 bounds [0x00000237a7be0000, 0x00000237a7e60000, 0x00000237a8170000]
 total_blobs=18241 nmethods=17221 adapters=930
 compilation: enabled
              stopped_count=0, restarted_count=0
 full_count=0

Compilation events (20 events):
Event: 1946.602 Thread 0x00000237be479800 nmethod 18351 0x00000237b01f7090 code [0x00000237b01f7280, 0x00000237b01f7568]
Event: 1946.602 Thread 0x00000237be479800 18352       4       org.gradle.api.internal.file.pattern.FixedPatternStep::matches (27 bytes)
Event: 1946.603 Thread 0x00000237be47e000 nmethod 18349 0x00000237aa67ac10 code [0x00000237aa67aee0, 0x00000237aa67bda8]
Event: 1946.603 Thread 0x00000237be47e000 18350       3       org.gradle.api.tasks.util.internal.CachingPatternSpecFactory$CachingSpec$1::<init> (15 bytes)
Event: 1946.603 Thread 0x00000237be47e000 nmethod 18350 0x00000237aa67c510 code [0x00000237aa67c6c0, 0x00000237aa67c8d8]
Event: 1946.603 Thread 0x00000237be47e000 18347       3       org.gradle.api.specs.NotSpec::isSatisfiedBy (19 bytes)
Event: 1946.604 Thread 0x00000237be47e000 nmethod 18347 0x00000237aa67c990 code [0x00000237aa67cb60, 0x00000237aa67cd88]
Event: 1946.604 Thread 0x00000237be47e000 18345       3       com.android.build.gradle.internal.dsl.BaseAppModuleExtension::getCompileOptions (8 bytes)
Event: 1946.604 Thread 0x00000237be47e000 nmethod 18345 0x00000237aa67ce90 code [0x00000237aa67d040, 0x00000237aa67d208]
Event: 1946.604 Thread 0x00000237be47e000 18353       1       java.util.EnumMap::size (5 bytes)
Event: 1946.604 Thread 0x00000237be47e000 nmethod 18353 0x00000237b01f7810 code [0x00000237b01f79c0, 0x00000237b01f7a78]
Event: 1946.604 Thread 0x00000237be47e000 18354       3       com.google.common.collect.Iterators$5::computeNext (45 bytes)
Event: 1946.604 Thread 0x00000237be479800 nmethod 18352 0x00000237b01f7b10 code [0x00000237b01f7ca0, 0x00000237b01f7e78]
Event: 1946.605 Thread 0x00000237be47e000 nmethod 18354 0x00000237aa67d310 code [0x00000237aa67d520, 0x00000237aa67da48]
Event: 1946.605 Thread 0x00000237be47e000 18355       1       org.gradle.internal.build.event.types.AbstractResult::getStartTime (5 bytes)
Event: 1946.605 Thread 0x00000237be47e000 nmethod 18355 0x00000237b01f7f90 code [0x00000237b01f8140, 0x00000237b01f81f8]
Event: 1946.605 Thread 0x00000237be47e000 18356       1       org.gradle.internal.build.event.types.AbstractResult::getEndTime (5 bytes)
Event: 1946.605 Thread 0x00000237be47e000 nmethod 18356 0x00000237b01f8290 code [0x00000237b01f8440, 0x00000237b01f84f8]
Event: 1946.605 Thread 0x00000237be47e000 18357       1       org.gradle.internal.build.event.types.AbstractResult::getOutcomeDescription (5 bytes)
Event: 1946.605 Thread 0x00000237be47e000 nmethod 18357 0x00000237b01f8590 code [0x00000237b01f8740, 0x00000237b01f87f8]

GC Heap History (20 events):
Event: 624.966 GC heap before
{Heap before GC invocations=50 (full 0):
 garbage-first heap   total 206848K, used 144075K [0x0000000080000000, 0x0000000100000000)
  region size 1024K, 10 young (10240K), 4 survivors (4096K)
 Metaspace       used 127081K, capacity 130697K, committed 130944K, reserved 1163264K
  class space    used 15978K, capacity 17276K, committed 17280K, reserved 1048576K
}
Event: 624.979 GC heap after
{Heap after GC invocations=51 (full 0):
 garbage-first heap   total 206848K, used 135757K [0x0000000080000000, 0x0000000100000000)
  region size 1024K, 1 young (1024K), 1 survivors (1024K)
 Metaspace       used 127081K, capacity 130697K, committed 130944K, reserved 1163264K
  class space    used 15978K, capacity 17276K, committed 17280K, reserved 1048576K
}
Event: 626.301 GC heap before
{Heap before GC invocations=51 (full 0):
 garbage-first heap   total 206848K, used 170573K [0x0000000080000000, 0x0000000100000000)
  region size 1024K, 36 young (36864K), 1 survivors (1024K)
 Metaspace       used 133312K, capacity 137452K, committed 137600K, reserved 1169408K
  class space    used 17035K, capacity 18540K, committed 18560K, reserved 1048576K
}
Event: 626.308 GC heap after
{Heap after GC invocations=52 (full 0):
 garbage-first heap   total 206848K, used 136543K [0x0000000080000000, 0x0000000100000000)
  region size 1024K, 2 young (2048K), 2 survivors (2048K)
 Metaspace       used 133312K, capacity 137452K, committed 137600K, reserved 1169408K
  class space    used 17035K, capacity 18540K, committed 18560K, reserved 1048576K
}
Event: 627.092 GC heap before
{Heap before GC invocations=53 (full 0):
 garbage-first heap   total 206848K, used 171359K [0x0000000080000000, 0x0000000100000000)
  region size 1024K, 37 young (37888K), 2 survivors (2048K)
 Metaspace       used 135909K, capacity 140069K, committed 140160K, reserved 1171456K
  class space    used 17494K, capacity 19005K, committed 19072K, reserved 1048576K
}
Event: 627.098 GC heap after
{Heap after GC invocations=54 (full 0):
 garbage-first heap   total 206848K, used 137133K [0x0000000080000000, 0x0000000100000000)
  region size 1024K, 3 young (3072K), 3 survivors (3072K)
 Metaspace       used 135909K, capacity 140069K, committed 140160K, reserved 1171456K
  class space    used 17494K, capacity 19005K, committed 19072K, reserved 1048576K
}
Event: 627.149 GC heap before
{Heap before GC invocations=54 (full 0):
 garbage-first heap   total 206848K, used 143277K [0x0000000080000000, 0x0000000100000000)
  region size 1024K, 10 young (10240K), 3 survivors (3072K)
 Metaspace       used 136436K, capacity 140581K, committed 140672K, reserved 1171456K
  class space    used 17564K, capacity 19069K, committed 19072K, reserved 1048576K
}
Event: 627.155 GC heap after
{Heap after GC invocations=55 (full 0):
 garbage-first heap   total 206848K, used 130071K [0x0000000080000000, 0x0000000100000000)
  region size 1024K, 1 young (1024K), 1 survivors (1024K)
 Metaspace       used 136436K, capacity 140581K, committed 140672K, reserved 1171456K
  class space    used 17564K, capacity 19069K, committed 19072K, reserved 1048576K
}
Event: 628.121 GC heap before
{Heap before GC invocations=55 (full 0):
 garbage-first heap   total 206848K, used 179223K [0x0000000080000000, 0x0000000100000000)
  region size 1024K, 40 young (40960K), 1 survivors (1024K)
 Metaspace       used 138636K, capacity 142809K, committed 143104K, reserved 1173504K
  class space    used 17834K, capacity 19380K, committed 19456K, reserved 1048576K
}
Event: 628.128 GC heap after
{Heap after GC invocations=56 (full 0):
 garbage-first heap   total 206848K, used 132608K [0x0000000080000000, 0x0000000100000000)
  region size 1024K, 4 young (4096K), 4 survivors (4096K)
 Metaspace       used 138636K, capacity 142809K, committed 143104K, reserved 1173504K
  class space    used 17834K, capacity 19380K, committed 19456K, reserved 1048576K
}
Event: 1896.374 GC heap before
{Heap before GC invocations=57 (full 0):
 garbage-first heap   total 206848K, used 171520K [0x0000000080000000, 0x0000000100000000)
  region size 1024K, 42 young (43008K), 4 survivors (4096K)
 Metaspace       used 138681K, capacity 142681K, committed 143360K, reserved 1173504K
  class space    used 17748K, capacity 19186K, committed 19456K, reserved 1048576K
}
Event: 1903.843 GC heap after
{Heap after GC invocations=58 (full 0):
 garbage-first heap   total 206848K, used 133978K [0x0000000080000000, 0x0000000100000000)
  region size 1024K, 4 young (4096K), 4 survivors (4096K)
 Metaspace       used 138681K, capacity 142681K, committed 143360K, reserved 1173504K
  class space    used 17748K, capacity 19186K, committed 19456K, reserved 1048576K
}
Event: 1907.205 GC heap before
{Heap before GC invocations=58 (full 0):
 garbage-first heap   total 206848K, used 139098K [0x0000000080000000, 0x0000000100000000)
  region size 1024K, 10 young (10240K), 4 survivors (4096K)
 Metaspace       used 138689K, capacity 142682K, committed 143360K, reserved 1173504K
  class space    used 17748K, capacity 19186K, committed 19456K, reserved 1048576K
}
Event: 1908.858 GC heap after
{Heap after GC invocations=59 (full 0):
 garbage-first heap   total 206848K, used 133589K [0x0000000080000000, 0x0000000100000000)
  region size 1024K, 1 young (1024K), 1 survivors (1024K)
 Metaspace       used 138689K, capacity 142682K, committed 143360K, reserved 1173504K
  class space    used 17748K, capacity 19186K, committed 19456K, reserved 1048576K
}
Event: 1932.710 GC heap before
{Heap before GC invocations=59 (full 0):
 garbage-first heap   total 206848K, used 142805K [0x0000000080000000, 0x0000000100000000)
  region size 1024K, 10 young (10240K), 1 survivors (1024K)
 Metaspace       used 138854K, capacity 142840K, committed 143616K, reserved 1173504K
  class space    used 17760K, capacity 19207K, committed 19456K, reserved 1048576K
}
Event: 1933.070 GC heap after
{Heap after GC invocations=60 (full 0):
 garbage-first heap   total 206848K, used 134642K [0x0000000080000000, 0x0000000100000000)
  region size 1024K, 2 young (2048K), 2 survivors (2048K)
 Metaspace       used 138854K, capacity 142840K, committed 143616K, reserved 1173504K
  class space    used 17760K, capacity 19207K, committed 19456K, reserved 1048576K
}
Event: 1942.044 GC heap before
{Heap before GC invocations=60 (full 0):
 garbage-first heap   total 206848K, used 142834K [0x0000000080000000, 0x0000000100000000)
  region size 1024K, 10 young (10240K), 2 survivors (2048K)
 Metaspace       used 138957K, capacity 142937K, committed 143616K, reserved 1173504K
  class space    used 17764K, capacity 19214K, committed 19456K, reserved 1048576K
}
Event: 1942.943 GC heap after
{Heap after GC invocations=61 (full 0):
 garbage-first heap   total 206848K, used 136224K [0x0000000080000000, 0x0000000100000000)
  region size 1024K, 2 young (2048K), 2 survivors (2048K)
 Metaspace       used 138957K, capacity 142937K, committed 143616K, reserved 1173504K
  class space    used 17764K, capacity 19214K, committed 19456K, reserved 1048576K
}
Event: 1945.001 GC heap before
{Heap before GC invocations=61 (full 0):
 garbage-first heap   total 206848K, used 144416K [0x0000000080000000, 0x0000000100000000)
  region size 1024K, 10 young (10240K), 2 survivors (2048K)
 Metaspace       used 138989K, capacity 142938K, committed 143616K, reserved 1173504K
  class space    used 17764K, capacity 19214K, committed 19456K, reserved 1048576K
}
Event: 1945.415 GC heap after
{Heap after GC invocations=62 (full 0):
 garbage-first heap   total 206848K, used 136524K [0x0000000080000000, 0x0000000100000000)
  region size 1024K, 1 young (1024K), 1 survivors (1024K)
 Metaspace       used 138989K, capacity 142938K, committed 143616K, reserved 1173504K
  class space    used 17764K, capacity 19214K, committed 19456K, reserved 1048576K
}

Deoptimization events (20 events):
Event: 1927.681 Thread 0x00000237c8b5b000 DEOPT PACKING pc=0x00000237b00098bc sp=0x0000009212cfa260
Event: 1927.681 Thread 0x00000237c8b5b000 DEOPT UNPACKING pc=0x00000237a7c0782f sp=0x0000009212cfa1f0 mode 2
Event: 1932.057 Thread 0x00000237c8b5b000 DEOPT PACKING pc=0x00000237a958dfb0 sp=0x0000009212cfa530
Event: 1932.057 Thread 0x00000237c8b5b000 DEOPT UNPACKING pc=0x00000237a7c0764e sp=0x0000009212cf9a70 mode 0
Event: 1933.196 Thread 0x00000237c8b5b000 DEOPT PACKING pc=0x00000237a9f5a199 sp=0x0000009212cfa630
Event: 1933.196 Thread 0x00000237c8b5b000 DEOPT UNPACKING pc=0x00000237a7c0764e sp=0x0000009212cf9ae8 mode 0
Event: 1933.196 Thread 0x00000237c8b5b000 DEOPT PACKING pc=0x00000237a9f5a199 sp=0x0000009212cfa630
Event: 1933.196 Thread 0x00000237c8b5b000 DEOPT UNPACKING pc=0x00000237a7c0764e sp=0x0000009212cf9ae8 mode 0
Event: 1935.967 Thread 0x00000237c8b5b000 Uncommon trap: trap_request=0xffffffbe fr.pc=0x00000237b00098bc relative=0x0000000000000c1c
Event: 1935.967 Thread 0x00000237c8b5b000 Uncommon trap: reason=profile_predicate action=maybe_recompile pc=0x00000237b00098bc method=com.google.common.collect.ImmutableSet.construct(I[Ljava/lang/Object;)Lcom/google/common/collect/ImmutableSet; @ 68 c2
Event: 1935.967 Thread 0x00000237c8b5b000 DEOPT PACKING pc=0x00000237b00098bc sp=0x0000009212cf6dd0
Event: 1935.967 Thread 0x00000237c8b5b000 DEOPT UNPACKING pc=0x00000237a7c0782f sp=0x0000009212cf6d60 mode 2
Event: 1937.113 Thread 0x00000237c8b5b000 Uncommon trap: trap_request=0xffffff4d fr.pc=0x00000237af88be5c relative=0x000000000000081c
Event: 1937.113 Thread 0x00000237c8b5b000 Uncommon trap: reason=unstable_if action=reinterpret pc=0x00000237af88be5c method=com.google.common.cache.LocalCache$Segment.getLiveEntry(Ljava/lang/Object;IJ)Lcom/google/common/cache/ReferenceEntry; @ 25 c2
Event: 1937.113 Thread 0x00000237c8b5b000 DEOPT PACKING pc=0x00000237af88be5c sp=0x0000009212cfae70
Event: 1937.113 Thread 0x00000237c8b5b000 DEOPT UNPACKING pc=0x00000237a7c0782f sp=0x0000009212cfad38 mode 2
Event: 1937.113 Thread 0x00000237c8b5b000 Uncommon trap: trap_request=0xffffff4d fr.pc=0x00000237afd02af4 relative=0x0000000000000114
Event: 1937.113 Thread 0x00000237c8b5b000 Uncommon trap: reason=unstable_if action=reinterpret pc=0x00000237afd02af4 method=com.google.common.cache.LocalCache$Segment.expireEntries(J)V @ 84 c2
Event: 1937.113 Thread 0x00000237c8b5b000 DEOPT PACKING pc=0x00000237afd02af4 sp=0x0000009212cfac80
Event: 1937.174 Thread 0x00000237c8b5b000 DEOPT UNPACKING pc=0x00000237a7c0782f sp=0x0000009212cfac38 mode 2

Classes redefined (0 events):
No events

Internal exceptions (20 events):
Event: 626.346 Thread 0x00000237c8b5f000 Exception <a 'sun/nio/fs/WindowsException'{0x000000008c8c2ae0}> (0x000000008c8c2ae0) thrown at [./src/hotspot/share/prims/jni.cpp, line 615]
Event: 626.637 Thread 0x00000237c8b5f000 Exception <a 'sun/nio/fs/WindowsException'{0x000000008bee9750}> (0x000000008bee9750) thrown at [./src/hotspot/share/prims/jni.cpp, line 615]
Event: 627.393 Thread 0x00000237c8b5e800 Exception <a 'java/lang/NoSuchMethodError'{0x000000008b752878}: <clinit>> (0x000000008b752878) thrown at [./src/hotspot/share/prims/jni.cpp, line 1362]
Event: 627.394 Thread 0x00000237c8b5e800 Exception <a 'java/lang/NoSuchMethodError'{0x000000008b765418}: <clinit>> (0x000000008b765418) thrown at [./src/hotspot/share/prims/jni.cpp, line 1362]
Event: 627.577 Thread 0x00000237c8b64000 Exception <a 'java/lang/NoSuchMethodError'{0x000000008b14fe28}: 'java.lang.Object java.lang.invoke.DirectMethodHandle$Holder.invokeStatic(java.lang.Object, java.lang.Object, java.lang.Object, java.lang.Object, java.lang.Object, int, java.lang.Object)'> (0x000000008b14fe28) thrown at [./src/hotspot/share/interpreter/linkResolver.cpp, line 773]
Event: 627.578 Thread 0x00000237c8b64000 Exception <a 'java/lang/NoSuchMethodError'{0x000000008b157028}: 'java.lang.Object java.lang.invoke.Invokers$Holder.linkToTargetMethod(java.lang.Object, java.lang.Object, java.lang.Object, java.lang.Object, int, java.lang.Object, java.lang.Object)'> (0x000000008b157028) thrown at [./src/hotspot/share/interpreter/linkResolver.cpp, line 773]
Event: 627.627 Thread 0x00000237c8b64000 Exception <a 'java/lang/NoSuchMethodError'{0x000000008ad3df80}: 'java.lang.Object java.lang.invoke.DirectMethodHandle$Holder.invokeStatic(java.lang.Object, java.lang.Object, java.lang.Object, java.lang.Object, java.lang.Object, java.lang.Object, java.lang.Object, int)'> (0x000000008ad3df80) thrown at [./src/hotspot/share/interpreter/linkResolver.cpp, line 773]
Event: 627.627 Thread 0x00000237c8b64000 Exception <a 'java/lang/NoSuchMethodError'{0x000000008ad423b8}: 'java.lang.Object java.lang.invoke.DirectMethodHandle$Holder.invokeSpecial(java.lang.Object, java.lang.Object, java.lang.Object, java.lang.Object, java.lang.Object, java.lang.Object, java.lang.Object, java.lang.Object, int)'> (0x000000008ad423b8) thrown at [./src/hotspot/share/interpreter/linkResolver.cpp, line 773]
Event: 627.627 Thread 0x00000237c8b64000 Exception <a 'java/lang/NoSuchMethodError'{0x000000008ad46400}: 'java.lang.Object java.lang.invoke.Invokers$Holder.linkToTargetMethod(java.lang.Object, java.lang.Object, java.lang.Object, java.lang.Object, java.lang.Object, java.lang.Object, int, java.lang.Object)'> (0x000000008ad46400) thrown at [./src/hotspot/share/interpreter/linkResolver.cpp, line 773]
Event: 628.177 Thread 0x00000237c8b64000 Exception <a 'java/lang/NoSuchMethodError'{0x000000008c9dfa40}: 'java.lang.Object java.lang.invoke.DirectMethodHandle$Holder.invokeVirtual(java.lang.Object, java.lang.Object, int)'> (0x000000008c9dfa40) thrown at [./src/hotspot/share/interpreter/linkResolver.cpp, line 773]
Event: 628.240 Thread 0x00000237c8b5a800 Exception <a 'sun/nio/fs/WindowsException'{0x000000008c8f1128}> (0x000000008c8f1128) thrown at [./src/hotspot/share/prims/jni.cpp, line 615]
Event: 1918.343 Thread 0x00000237c8b5b000 Exception <a 'sun/nio/fs/WindowsException'{0x000000008c549fa8}> (0x000000008c549fa8) thrown at [./src/hotspot/share/prims/jni.cpp, line 615]
Event: 1925.581 Thread 0x00000237c8b5b000 Exception <a 'java/lang/NoClassDefFoundError'{0x000000008c14f0e0}: org/jetbrains/kotlin/gradle/plugin/KotlinBasePluginWrapper> (0x000000008c14f0e0) thrown at [./src/hotspot/share/oops/constantPool.cpp, line 775]
Event: 1928.150 Thread 0x00000237c8b5b000 Exception <a 'sun/nio/fs/WindowsException'{0x000000008c028680}> (0x000000008c028680) thrown at [./src/hotspot/share/prims/jni.cpp, line 615]
Event: 1932.608 Thread 0x00000237c8b5b000 Exception <a 'sun/nio/fs/WindowsException'{0x000000008c0df7f8}> (0x000000008c0df7f8) thrown at [./src/hotspot/share/prims/jni.cpp, line 615]
Event: 1932.635 Thread 0x00000237c8b5b000 Exception <a 'sun/nio/fs/WindowsException'{0x000000008c0e08c8}> (0x000000008c0e08c8) thrown at [./src/hotspot/share/prims/jni.cpp, line 615]
Event: 1932.635 Thread 0x00000237c8b5b000 Exception <a 'sun/nio/fs/WindowsException'{0x000000008c0e19e8}> (0x000000008c0e19e8) thrown at [./src/hotspot/share/prims/jni.cpp, line 615]
Event: 1932.636 Thread 0x00000237c8b5b000 Exception <a 'sun/nio/fs/WindowsException'{0x000000008c0ec4e0}> (0x000000008c0ec4e0) thrown at [./src/hotspot/share/prims/jni.cpp, line 615]
Event: 1938.020 Thread 0x00000237c8b5b000 Exception <a 'sun/nio/fs/WindowsException'{0x000000008c572bb8}> (0x000000008c572bb8) thrown at [./src/hotspot/share/prims/jni.cpp, line 615]
Event: 1946.605 Thread 0x00000237c8b5b000 Implicit null exception at 0x00000237aa50f059 to 0x0000000000000000

Events (20 events):
Event: 1920.247 Executing VM operation: RevokeBias
Event: 1920.309 Executing VM operation: RevokeBias done
Event: 1921.423 Executing VM operation: RevokeBias
Event: 1921.469 Executing VM operation: RevokeBias done
Event: 1921.469 Thread 0x00000237c8b62800 Thread exited: 0x00000237c8b62800
Event: 1924.173 loading class org/gradle/api/internal/provider/AbstractProperty$1
Event: 1924.173 loading class org/gradle/api/internal/provider/AbstractProperty$1 done
Event: 1932.710 Executing VM operation: G1CollectForAllocation
Event: 1933.195 Executing VM operation: G1CollectForAllocation done
Event: 1937.182 Thread 0x00000237c3168000 Thread added: 0x00000237c3168000
Event: 1938.157 Thread 0x00000237c3169000 Thread added: 0x00000237c3169000
Event: 1938.191 Thread 0x00000237c316d000 Thread added: 0x00000237c316d000
Event: 1938.193 Thread 0x00000237c316a000 Thread added: 0x00000237c316a000
Event: 1938.193 Thread 0x00000237c316c000 Thread added: 0x00000237c316c000
Event: 1938.193 Thread 0x00000237c3170800 Thread added: 0x00000237c3170800
Event: 1938.348 Thread 0x00000237c316f800 Thread added: 0x00000237c316f800
Event: 1942.044 Executing VM operation: G1CollectForAllocation
Event: 1942.943 Executing VM operation: G1CollectForAllocation done
Event: 1944.941 Executing VM operation: G1CollectForAllocation
Event: 1945.415 Executing VM operation: G1CollectForAllocation done


Dynamic libraries:
0x00007ff62b820000 - 0x00007ff62b82a000 	C:\Program Files\Android\Android Studio\jre\bin\java.exe
0x00007fff5bbb0000 - 0x00007fff5bda5000 	C:\WINDOWS\SYSTEM32\ntdll.dll
0x00007fff5aed0000 - 0x00007fff5af8d000 	C:\WINDOWS\System32\KERNEL32.DLL
0x00007fff592c0000 - 0x00007fff5958d000 	C:\WINDOWS\System32\KERNELBASE.dll
0x00007fff596f0000 - 0x00007fff597f0000 	C:\WINDOWS\System32\ucrtbase.dll
0x00007fff56c00000 - 0x00007fff56c17000 	C:\Program Files\Android\Android Studio\jre\bin\VCRUNTIME140.dll
0x00007fff56bb0000 - 0x00007fff56bc9000 	C:\Program Files\Android\Android Studio\jre\bin\jli.dll
0x00007fff5a080000 - 0x00007fff5a220000 	C:\WINDOWS\System32\USER32.dll
0x00007fff58670000 - 0x00007fff5890a000 	C:\WINDOWS\WinSxS\amd64_microsoft.windows.common-controls_6595b64144ccf1df_6.0.19041.1110_none_60b5254171f9507e\COMCTL32.dll
0x00007fff59b20000 - 0x00007fff59b42000 	C:\WINDOWS\System32\win32u.dll
0x00007fff59eb0000 - 0x00007fff59f4e000 	C:\WINDOWS\System32\msvcrt.dll
0x00007fff5b9c0000 - 0x00007fff5b9ea000 	C:\WINDOWS\System32\GDI32.dll
0x00007fff59860000 - 0x00007fff5996b000 	C:\WINDOWS\System32\gdi32full.dll
0x00007fff59970000 - 0x00007fff59a0d000 	C:\WINDOWS\System32\msvcp_win.dll
0x00007fff5aea0000 - 0x00007fff5aed0000 	C:\WINDOWS\System32\IMM32.DLL
0x00007fff4d5b0000 - 0x00007fff4d64d000 	C:\Program Files\Android\Android Studio\jre\bin\msvcp140.dll
0x00007fff0bf30000 - 0x00007fff0c9ff000 	C:\Program Files\Android\Android Studio\jre\bin\server\jvm.dll
0x00007fff59f50000 - 0x00007fff59ffe000 	C:\WINDOWS\System32\ADVAPI32.dll
0x00007fff59d30000 - 0x00007fff59dcc000 	C:\WINDOWS\System32\sechost.dll
0x00007fff59c00000 - 0x00007fff59d25000 	C:\WINDOWS\System32\RPCRT4.dll
0x00007fff5aa90000 - 0x00007fff5aa98000 	C:\WINDOWS\System32\PSAPI.DLL
0x00007fff51260000 - 0x00007fff51269000 	C:\WINDOWS\SYSTEM32\WSOCK32.dll
0x00007fff52d70000 - 0x00007fff52d97000 	C:\WINDOWS\SYSTEM32\WINMM.dll
0x00007fff5a220000 - 0x00007fff5a28b000 	C:\WINDOWS\System32\WS2_32.dll
0x00007fff534f0000 - 0x00007fff534fa000 	C:\WINDOWS\SYSTEM32\VERSION.dll
0x00007fff56420000 - 0x00007fff56432000 	C:\WINDOWS\SYSTEM32\kernel.appcore.dll
0x00007fff3a7d0000 - 0x00007fff3a7e1000 	C:\Program Files\Android\Android Studio\jre\bin\verify.dll
0x00007fff58a50000 - 0x00007fff58c34000 	C:\WINDOWS\SYSTEM32\DBGHELP.DLL
0x00007fff58a20000 - 0x00007fff58a4c000 	C:\WINDOWS\SYSTEM32\dbgcore.DLL
0x00007fff59a60000 - 0x00007fff59ae2000 	C:\WINDOWS\System32\bcryptPrimitives.dll
0x00007fff395e0000 - 0x00007fff39609000 	C:\Program Files\Android\Android Studio\jre\bin\java.dll
0x00007fff54180000 - 0x00007fff5418b000 	C:\Program Files\Android\Android Studio\jre\bin\jimage.dll
0x00007fff3a7b0000 - 0x00007fff3a7c8000 	C:\Program Files\Android\Android Studio\jre\bin\zip.dll
0x00007fff5a340000 - 0x00007fff5aa84000 	C:\WINDOWS\System32\SHELL32.dll
0x00007fff56d90000 - 0x00007fff57524000 	C:\WINDOWS\SYSTEM32\windows.storage.dll
0x00007fff5b660000 - 0x00007fff5b9b4000 	C:\WINDOWS\System32\combase.dll
0x00007fff585d0000 - 0x00007fff585fc000 	C:\WINDOWS\SYSTEM32\Wldp.dll
0x00007fff5bac0000 - 0x00007fff5bb6d000 	C:\WINDOWS\System32\SHCORE.dll
0x00007fff5ac90000 - 0x00007fff5ace5000 	C:\WINDOWS\System32\shlwapi.dll
0x00007fff59200000 - 0x00007fff5921f000 	C:\WINDOWS\SYSTEM32\profapi.dll
0x00007fff32700000 - 0x00007fff3271a000 	C:\Program Files\Android\Android Studio\jre\bin\net.dll
0x00007fff4f8b0000 - 0x00007fff4f9ba000 	C:\WINDOWS\SYSTEM32\WINHTTP.dll
0x00007fff584a0000 - 0x00007fff5850a000 	C:\WINDOWS\system32\mswsock.dll
0x00007fff326e0000 - 0x00007fff326f4000 	C:\Program Files\Android\Android Studio\jre\bin\nio.dll
0x00007fff4d670000 - 0x00007fff4d697000 	C:\Users\User4\.gradle\native\8bec1ad78214c89d9ad589b4d07fe93259594b29d510b10fafb7a158f7737e5d\windows-amd64\native-platform.dll
0x00007fff23dc0000 - 0x00007fff23efd000 	C:\Users\User4\.gradle\native\53dbd7edfb1c66fb8903c78663c9afc45aea4f116125fa6feffd364cf09443e8\windows-amd64\native-platform-file-events.dll
0x00007fff38360000 - 0x00007fff3836a000 	C:\Program Files\Android\Android Studio\jre\bin\management.dll
0x00007fff37520000 - 0x00007fff3752c000 	C:\Program Files\Android\Android Studio\jre\bin\management_ext.dll
0x00007fff59010000 - 0x00007fff59028000 	C:\WINDOWS\SYSTEM32\CRYPTSP.dll
0x00007fff57cd0000 - 0x00007fff57d04000 	C:\WINDOWS\system32\rsaenh.dll
0x00007fff59af0000 - 0x00007fff59b17000 	C:\WINDOWS\System32\bcrypt.dll
0x00007fff59180000 - 0x00007fff591ae000 	C:\WINDOWS\SYSTEM32\USERENV.dll
0x00007fff58410000 - 0x00007fff5841c000 	C:\WINDOWS\SYSTEM32\CRYPTBASE.dll
0x00007fff58020000 - 0x00007fff5805b000 	C:\WINDOWS\SYSTEM32\IPHLPAPI.DLL
0x00007fff5abd0000 - 0x00007fff5abd8000 	C:\WINDOWS\System32\NSI.dll
0x00007fff51030000 - 0x00007fff51047000 	C:\WINDOWS\SYSTEM32\dhcpcsvc6.DLL
0x00007fff51470000 - 0x00007fff5148d000 	C:\WINDOWS\SYSTEM32\dhcpcsvc.DLL
0x00007fff58060000 - 0x00007fff5812b000 	C:\WINDOWS\SYSTEM32\DNSAPI.dll
0x00007fff23bf0000 - 0x00007fff23c17000 	C:\Program Files\Android\Android Studio\jre\bin\sunec.dll
0x00007fff4f180000 - 0x00007fff4f18a000 	C:\Windows\System32\rasadhlp.dll
0x00007fff4f830000 - 0x00007fff4f8b0000 	C:\WINDOWS\System32\fwpuclnt.dll
0x00007fff58fa0000 - 0x00007fff58fd3000 	C:\WINDOWS\SYSTEM32\ntmarta.dll

dbghelp: loaded successfully - version: 4.0.5 - missing functions: none
symbol engine: initialized successfully - sym options: 0x614 - pdb path: .;C:\Program Files\Android\Android Studio\jre\bin;C:\WINDOWS\SYSTEM32;C:\WINDOWS\WinSxS\amd64_microsoft.windows.common-controls_6595b64144ccf1df_6.0.19041.1110_none_60b5254171f9507e;C:\Program Files\Android\Android Studio\jre\bin\server;C:\Users\User4\.gradle\native\8bec1ad78214c89d9ad589b4d07fe93259594b29d510b10fafb7a158f7737e5d\windows-amd64;C:\Users\User4\.gradle\native\53dbd7edfb1c66fb8903c78663c9afc45aea4f116125fa6feffd364cf09443e8\windows-amd64

VM Arguments:
jvm_args: --add-opens=java.base/java.util=ALL-UNNAMED --add-opens=java.base/java.lang=ALL-UNNAMED --add-opens=java.base/java.lang.invoke=ALL-UNNAMED --add-opens=java.base/java.util=ALL-UNNAMED --add-opens=java.prefs/java.util.prefs=ALL-UNNAMED --add-opens=java.prefs/java.util.prefs=ALL-UNNAMED --add-opens=java.base/java.nio.charset=ALL-UNNAMED --add-opens=java.base/java.net=ALL-UNNAMED --add-opens=java.base/java.util.concurrent.atomic=ALL-UNNAMED -Xmx2048m -Dfile.encoding=UTF-8 -Duser.country=RU -Duser.language=ru -Duser.variant 
java_command: org.gradle.launcher.daemon.bootstrap.GradleDaemon 7.0.2
java_class_path (initial): C:\Users\User4\.gradle\wrapper\dists\gradle-7.0.2-bin\857tjihv64xamwrf0h14cai3r\gradle-7.0.2\lib\gradle-launcher-7.0.2.jar
Launcher Type: SUN_STANDARD

[Global flags]
     intx CICompilerCount                          = 3                                         {product} {ergonomic}
     uint ConcGCThreads                            = 1                                         {product} {ergonomic}
     uint G1ConcRefinementThreads                  = 4                                         {product} {ergonomic}
   size_t G1HeapRegionSize                         = 1048576                                   {product} {ergonomic}
    uintx GCDrainStackTargetSize                   = 64                                        {product} {ergonomic}
   size_t InitialHeapSize                          = 83886080                                  {product} {ergonomic}
   size_t MarkStackSize                            = 4194304                                   {product} {ergonomic}
   size_t MaxHeapSize                              = 2147483648                                {product} {command line}
   size_t MaxNewSize                               = 1287651328                                {product} {ergonomic}
   size_t MinHeapDeltaBytes                        = 1048576                                   {product} {ergonomic}
    uintx NonNMethodCodeHeapSize                   = 5830732                                {pd product} {ergonomic}
    uintx NonProfiledCodeHeapSize                  = 122913754                              {pd product} {ergonomic}
    uintx ProfiledCodeHeapSize                     = 122913754                              {pd product} {ergonomic}
    uintx ReservedCodeCacheSize                    = 251658240                              {pd product} {ergonomic}
     bool SegmentedCodeCache                       = true                                      {product} {ergonomic}
     bool UseCompressedClassPointers               = true                                 {lp64_product} {ergonomic}
     bool UseCompressedOops                        = true                                 {lp64_product} {ergonomic}
     bool UseG1GC                                  = true                                      {product} {ergonomic}
     bool UseLargePagesIndividualAllocation        = false                                  {pd product} {ergonomic}

Logging:
Log output configuration:
 #0: stdout all=warning uptime,level,tags
 #1: stderr all=off uptime,level,tags

Environment Variables:
PATH=C:\ProgramData\Oracle\Java\javapath;C:\WINDOWS\system32;C:\WINDOWS;C:\WINDOWS\System32\Wbem;C:\WINDOWS\System32\WindowsPowerShell\v1.0\;C:\WINDOWS\System32\OpenSSH\;C:\Program Files\PostgreSQL\14\bin;C:\Users\User4\AppData\Local\Microsoft\WindowsApps;;C:\Program Files\JetBrains\IntelliJ IDEA Community Edition 2021.2.3\bin;
USERNAME=User4
OS=Windows_NT
PROCESSOR_IDENTIFIER=Intel64 Family 6 Model 42 Stepping 7, GenuineIntel



---------------  S Y S T E M  ---------------

OS: Windows 10 , 64 bit Build 19041 (10.0.19041.1706)
OS uptime: 0 days 2:11 hours

CPU:total 4 (initial active 4) (4 cores per cpu, 1 threads per core) family 6 model 42 stepping 7 microcode 0x2f, cmov, cx8, fxsr, mmx, sse, sse2, sse3, ssse3, sse4.1, sse4.2, popcnt, avx, aes, clmul, tsc, tscinvbit

Memory: 4k page, system-wide physical 5102M (355M free)
TotalPageFile size 8384M (AvailPageFile size 1973M)
current process WorkingSet (physical memory assigned to process): 270M, peak: 551M
current process commit charge ("private bytes"): 546M, peak: 578M

vm_info: OpenJDK 64-Bit Server VM (11.0.10+0-b96-7249189) for windows-amd64 JRE (11.0.10+0-b96-7249189), built on Mar 31 2021 21:44:00 by "builder" with MS VC++ 14.0 (VS2015)

END.
